"../../../Engine/Content/Animation/DefaultAnimBoneCompressionSettings.uasset" 0
"../../../Engine/Content/Animation/DefaultAnimCurveCompressionSettings.uasset" 1
"../../../Engine/Content/ArtTools/RenderToTexture/Enums/RenderToTexture_Enum.uasset" 2
"../../../Engine/Content/ArtTools/RenderToTexture/Enums/RenderToTexture_Flipbook_Enum.uasset" 3
"../../../Engine/Content/ArtTools/RenderToTexture/Enums/RenderToTexture_Imposter_Enum.uasset" 4
"../../../Engine/Content/EditorBlueprintResources/StandardMacros.uasset" 5
"../../../Engine/Content/ArtTools/RenderToTexture/Enums/EIntTypes.uasset" 6
"../../../Engine/Content/ArtTools/RenderToTexture/Macros/RenderToTextureFunctionLibrary.uasset" 7
"../../../Engine/Content/ArtTools/RenderToTexture/Enums/EFloatTypes.uasset" 8
"../../../Engine/Content/ArtTools/RenderToTexture/Macros/RenderToTextureMacros.uasset" 9
"../../../Engine/Content/Functions/Engine_MaterialFunctions01/Opacity/CameraDepthFade.uasset" 10
"../../../Engine/Content/EngineMaterials/T_Default_Material_Grid_M.uasset" 11
"../../../Engine/Content/EngineMaterials/T_Default_Material_Grid_N.uasset" 12
"../../../Engine/Content/EngineMaterials/WorldGridMaterial.uasset" 13
"../../../Engine/Content/ArtTools/RenderToTexture/Meshes/S_1_Unit_Plane.uasset" 14
"../../../Engine/Content/EngineMaterials/DefaultMaterial.uasset" 15
"../../../Engine/Content/BasicShapes/Cone.uasset" 16
"../../../Engine/Content/BasicShapes/Cylinder.uasset" 17
"../../../Engine/Content/BasicShapes/Plane.uasset" 18
"../../../Engine/Content/BasicShapes/Sphere.uasset" 19
"../../../Engine/Content/EngineMaterials/DefaultPhysicalMaterial.uasset" 20
"../../../Engine/Content/BufferVisualization/AmbientOcclusion.uasset" 21
"../../../Engine/Content/BufferVisualization/BaseColor.uasset" 22
"../../../Engine/Content/BufferVisualization/CustomDepth.uasset" 23
"../../../Engine/Content/Functions/Engine_MaterialFunctions02/Utility/VectorLength.uasset" 24
"../../../Engine/Content/BufferVisualization/CustomDepthWorldUnits.uasset" 25
"../../../Engine/Content/Functions/Engine_MaterialFunctions02/Utility/BreakOutFloat2Components.uasset" 26
"../../../Engine/Content/Functions/Engine_MaterialFunctions01/Texturing/ScaleUVsByCenter.uasset" 27
"../../../Engine/Content/Functions/Engine_MaterialFunctions02/ScreenResolution.uasset" 28
"../../../Engine/Content/Functions/Engine_MaterialFunctions02/Texturing/ScreenAlignedUVs.uasset" 29
"../../../Engine/Content/Functions/Engine_MaterialFunctions02/Utility/MakeFloat2.uasset" 30
"../../../Engine/Content/Functions/Engine_MaterialFunctions02/Utility/MakeFloat3.uasset" 31
"../../../Engine/Content/EngineMaterials/MiniFont.uasset" 32
"../../../Engine/Content/BufferVisualization/CustomStencil.uasset" 33
"../../../Engine/Content/BufferVisualization/FinalImage.uasset" 34
"../../../Engine/Content/BufferVisualization/LightingModel.uasset" 35
"../../../Engine/Content/BufferVisualization/MaterialAO.uasset" 36
"../../../Engine/Content/BufferVisualization/Metallic.uasset" 37
"../../../Engine/Content/BufferVisualization/Opacity.uasset" 38
"../../../Engine/Content/BufferVisualization/PostTonemapHDRColor.uasset" 39
"../../../Engine/Content/BufferVisualization/PreTonemapHDRColor.uasset" 40
"../../../Engine/Content/BufferVisualization/Roughness.uasset" 41
"../../../Engine/Content/BufferVisualization/SceneColor.uasset" 42
"../../../Engine/Content/BufferVisualization/SceneDepth.uasset" 43
"../../../Engine/Content/BufferVisualization/SceneDepthWorldUnits.uasset" 44
"../../../Engine/Content/BufferVisualization/SeparateTranslucencyA.uasset" 45
"../../../Engine/Content/BufferVisualization/SeparateTranslucencyRGB.uasset" 46
"../../../Engine/Content/BufferVisualization/Specular.uasset" 47
"../../../Engine/Content/BufferVisualization/SubsurfaceColor.uasset" 48
"../../../Engine/Content/BufferVisualization/Velocity.uasset" 49
"../../../Engine/Content/BufferVisualization/WorldNormal.uasset" 50
"../../../Engine/Content/EditorBlueprintResources/ActorMacros.uasset" 51
"../../../Engine/Content/EditorLandscapeResources/DataLayer.uasset" 52
"../../../Engine/Content/EditorLandscapeResources/DefaultAlphaTexture.uasset" 53
"../../../Engine/Content/EditorLandscapeResources/LandscapeGizmoHeight_Mat.uasset" 54
"../../../Engine/Content/EditorLandscapeResources/LandscapeGizmo_Mat.uasset" 55
"../../../Engine/Content/EditorLandscapeResources/LandscapeGizmo_Mat_Copied.uasset" 56
"../../../Engine/Content/EditorLandscapeResources/SplineEditorMeshMat.uasset" 57
"../../../Engine/Content/EditorLandscapeResources/SplineEditorMesh.uasset" 58
"../../../Engine/Content/EditorMaterials/Cross.uasset" 59
"../../../Engine/Content/EditorMaterials/Cross_Mat.uasset" 60
"../../../Engine/Content/EngineMaterials/DefaultDiffuse.uasset" 61
"../../../Engine/Content/Functions/Engine_MaterialFunctions01/Texturing/TextureCropping.uasset" 62
"../../../Engine/Content/Functions/Engine_MaterialFunctions01/Texturing/ComputeMipLevel.uasset" 63
"../../../Engine/Content/Functions/Engine_MaterialFunctions02/ExampleContent/DebugNumberStrip.uasset" 64
"../../../Engine/Content/Functions/Engine_MaterialFunctions02/ExampleContent/Textures/DebugNumberPeriod.uasset" 65
"../../../Engine/Content/Functions/Engine_MaterialFunctions02/Utility/DebugScalarValues.uasset" 66
"../../../Engine/Content/Functions/Engine_MaterialFunctions02/Utility/DebugFloat2Values.uasset" 67
"../../../Engine/Content/Functions/Engine_MaterialFunctions02/ExampleContent/Textures/flipbook.uasset" 68
"../../../Engine/Content/Functions/Engine_MaterialFunctions02/Texturing/FlipBook.uasset" 69
"../../../Engine/Content/Functions/Engine_MaterialFunctions02/Utility/Sign.uasset" 70
"../../../Engine/Content/Functions/Engine_MaterialFunctions02/Utility/Round.uasset" 71
"../../../Engine/Content/EditorResources/T_EditorHelp.uasset" 72
"../../../Engine/Content/EditorMaterials/HelpActorMaterial.uasset" 73
"../../../Engine/Content/EditorMaterials/CompositeARGBLayer.uasset" 74
"../../../Engine/Content/EditorMaterials/TilingAALineIntegral.uasset" 75
"../../../Engine/Content/EditorMaterials/TilingAALineBoxFiltered.uasset" 76
"../../../Engine/Content/Functions/Engine_MaterialFunctions03/Procedurals/ComputeFilterWidth.uasset" 77
"../../../Engine/Content/EditorMaterials/TilingAADots.uasset" 78
"../../../Engine/Content/EngineMaterials/BlendFunc_DefBase.uasset" 79
"../../../Engine/Content/EngineMaterials/BlendFunc_DefBlend.uasset" 80
"../../../Engine/Content/Functions/Engine_MaterialFunctions03/Blends/Blend_Screen.uasset" 81
"../../../Engine/Content/EditorMaterials/TilingAAGrid.uasset" 82
"../../../Engine/Content/EditorMaterials/LevelGridMaterial.uasset" 83
"../../../Engine/Content/EditorMaterials/MakeCompositeARGBLayer.uasset" 84
"../../../Engine/Content/EditorResources/LevelGrid1DStripes.uasset" 85
"../../../Engine/Content/EditorMaterials/TextureGridCascaded1D.uasset" 86
"../../../Engine/Content/EditorMaterials/TextureGridCascaded2D.uasset" 87
"../../../Engine/Content/EditorMaterials/LevelGridMaterial2.uasset" 88
"../../../Engine/Content/EditorMaterials/MAT_Groups_Toggle.uasset" 89
"../../../Engine/Content/EditorMaterials/MAT_Groups_Visibility.uasset" 90
"../../../Engine/Content/EditorMaterials/PhAT_BoneSelectedMaterial.uasset" 91
"../../../Engine/Content/EditorMaterials/PhAT_ElemSelectedMaterial.uasset" 92
"../../../Engine/Content/EditorMaterials/PhAT_NoCollisionMaterial.uasset" 93
"../../../Engine/Content/EditorMaterials/PhAT_UnselectedMaterial.uasset" 94
"../../../Engine/Content/EditorMaterials/PreviewShadowIndicator.uasset" 95
"../../../Engine/Content/EditorMaterials/PreviewShadowIndicatorMaterial.uasset" 96
"../../../Engine/Content/EditorMaterials/TargetIcon.uasset" 97
"../../../Engine/Content/EditorMaterials/Tick.uasset" 98
"../../../Engine/Content/EditorMaterials/Tick_Mat.uasset" 99
"../../../Engine/Content/EditorMaterials/WidgetGridVertexColorMaterial.uasset" 100
"../../../Engine/Content/EditorMaterials/WidgetGridVertexColorMaterial_Ma.uasset" 101
"../../../Engine/Content/EditorMaterials/WidgetMaterial.uasset" 102
"../../../Engine/Content/EditorMaterials/WidgetMaterial_Current.uasset" 103
"../../../Engine/Content/EditorMaterials/WidgetMaterial_X.uasset" 104
"../../../Engine/Content/EditorMaterials/WidgetMaterial_Y.uasset" 105
"../../../Engine/Content/EditorMaterials/WidgetMaterial_Z.uasset" 106
"../../../Engine/Content/EditorMaterials/WidgetVertexColorMaterial.uasset" 107
"../../../Engine/Content/EditorMaterials/MatineeGroups/MAT_ColorTrack.uasset" 108
"../../../Engine/Content/EditorMaterials/MatineeGroups/MAT_Groups_Anim.uasset" 109
"../../../Engine/Content/EditorMaterials/MatineeGroups/MAT_Groups_AudioMaster.uasset" 110
"../../../Engine/Content/EditorMaterials/MatineeGroups/MAT_Groups_Director.uasset" 111
"../../../Engine/Content/EditorMaterials/MatineeGroups/MAT_Groups_Event.uasset" 112
"../../../Engine/Content/EditorMaterials/MatineeGroups/MAT_Groups_Fade.uasset" 113
"../../../Engine/Content/EditorMaterials/MatineeGroups/MAT_Groups_Float.uasset" 114
"../../../Engine/Content/EditorMaterials/MatineeGroups/MAT_Groups_Move.uasset" 115
"../../../Engine/Content/EditorMaterials/MatineeGroups/MAT_Groups_Slomo.uasset" 116
"../../../Engine/Content/EditorMaterials/MatineeGroups/MAT_Groups_Sound.uasset" 117
"../../../Engine/Content/EditorMaterials/MatineeGroups/MAT_Groups_Vector.uasset" 118
"../../../Engine/Content/EditorMaterials/ParticleSystems/PSysThumbnail_NoImage.uasset" 119
"../../../Engine/Content/EditorMaterials/ParticleSystems/PSysThumbnail_OOD.uasset" 120
"../../../Engine/Content/EngineMaterials/Grid.uasset" 121
"../../../Engine/Content/EditorMaterials/Thumbnails/FloorPlaneMaterial.uasset" 122
"../../../Engine/Content/EditorMeshes/EditorCube.uasset" 123
"../../../Engine/Content/EditorMeshes/EditorCylinder.uasset" 124
"../../../Engine/Content/EditorMeshes/EditorPlane.uasset" 125
"../../../Engine/Content/EditorMaterials/Thumbnails/SkySphereMaterial.uasset" 126
"../../../Engine/Content/EditorMeshes/EditorSkySphere.uasset" 127
"../../../Engine/Content/EditorMeshes/EditorSphere.uasset" 128
"../../../Engine/Content/EditorResources/MatineeCam_D.uasset" 129
"../../../Engine/Content/EditorMaterials/MatineeCam_mat.uasset" 130
"../../../Engine/Content/EditorMeshes/MatineeCam_SM.uasset" 131
"../../../Engine/Content/EditorMeshes/PlanarReflectionPlane.uasset" 132
"../../../Engine/Content/EditorMaterials/Camera/CineMat.uasset" 133
"../../../Engine/Content/EditorMaterials/Camera/MI_CineMat_CameraBody.uasset" 134
"../../../Engine/Content/EngineDebugMaterials/M_SimpleOpaque.uasset" 135
"../../../Engine/Content/EditorMaterials/Camera/MI_CineMat_CamViewFinder.uasset" 136
"../../../Engine/Content/EditorMeshes/Camera/SM_CineCam.uasset" 137
"../../../Engine/Content/EditorMaterials/Camera/MI_CineMat_Rig.uasset" 138
"../../../Engine/Content/EditorMeshes/Camera/SM_CraneRig_Arm.uasset" 139
"../../../Engine/Content/EditorMeshes/Camera/SM_CraneRig_Base.uasset" 140
"../../../Engine/Content/EditorMeshes/Camera/SM_CraneRig_Body.uasset" 141
"../../../Engine/Content/EditorMeshes/Camera/SM_CraneRig_Mount.uasset" 142
"../../../Engine/Content/EditorMeshes/Camera/SM_RailRig_Mount.uasset" 143
"../../../Engine/Content/EditorMeshes/Camera/SM_RailRig_Track.uasset" 144
"../../../Engine/Content/EditorMeshes/ColorCalibrator/M_ChromeBall.uasset" 145
"../../../Engine/Content/EditorResources/Bad.uasset" 146
"../../../Engine/Content/EditorResources/BSPVertex.uasset" 147
"../../../Engine/Content/EditorResources/EmptyActor.uasset" 148
"../../../Engine/Content/EditorResources/MatInstActSprite.uasset" 149
"../../../Engine/Content/EditorResources/SceneManager.uasset" 150
"../../../Engine/Content/EditorResources/SmallFont.uasset" 151
"../../../Engine/Content/EditorResources/S_Actor.uasset" 152
"../../../Engine/Content/EditorResources/S_CameraShakeSource.uasset" 153
"../../../Engine/Content/EditorResources/S_DecalActorIcon.uasset" 154
"../../../Engine/Content/EditorResources/S_Emitter.uasset" 155
"../../../Engine/Content/EditorResources/S_ExpoHeightFog.uasset" 156
"../../../Engine/Content/EditorResources/S_FTest.uasset" 157
"../../../Engine/Content/EditorResources/S_KBSJoint.uasset" 158
"../../../Engine/Content/EditorResources/S_KHinge.uasset" 159
"../../../Engine/Content/EditorResources/S_KPrismatic.uasset" 160
"../../../Engine/Content/EditorResources/S_LevelSequence.uasset" 161
"../../../Engine/Content/EditorResources/S_NavP.uasset" 162
"../../../Engine/Content/EditorResources/S_Note.uasset" 163
"../../../Engine/Content/EditorResources/S_Player.uasset" 164
"../../../Engine/Content/EditorResources/S_PortalActorIcon2.uasset" 165
"../../../Engine/Content/EditorResources/S_RadForce.uasset" 166
"../../../Engine/Content/EditorResources/S_ReflActorIcon.uasset" 167
"../../../Engine/Content/EditorResources/S_SkyAtmosphere.uasset" 168
"../../../Engine/Content/EditorResources/S_Solver.uasset" 169
"../../../Engine/Content/EditorResources/S_Terrain.uasset" 170
"../../../Engine/Content/EditorResources/S_TextRenderActorIcon.uasset" 171
"../../../Engine/Content/EditorResources/S_Thruster.uasset" 172
"../../../Engine/Content/EditorResources/S_Trigger.uasset" 173
"../../../Engine/Content/EditorResources/S_VectorFieldVol.uasset" 174
"../../../Engine/Content/EditorResources/S_WindDirectional.uasset" 175
"../../../Engine/Content/EditorResources/AI/S_NavLink.uasset" 176
"../../../Engine/Content/EditorResources/LightIcons/SkyLight.uasset" 177
"../../../Engine/Content/EditorResources/LightIcons/S_LightDirectional.uasset" 178
"../../../Engine/Content/EditorResources/LightIcons/S_LightDirectionalMove.uasset" 179
"../../../Engine/Content/EditorResources/LightIcons/S_LightError.uasset" 180
"../../../Engine/Content/EditorResources/LightIcons/S_LightPoint.uasset" 181
"../../../Engine/Content/EditorResources/LightIcons/S_LightPointMove.uasset" 182
"../../../Engine/Content/EditorResources/LightIcons/S_LightSpot.uasset" 183
"../../../Engine/Content/EditorResources/LightIcons/S_LightSpotMove.uasset" 184
"../../../Engine/Content/EditorResources/SequenceRecorder/Countdown.uasset" 185
"../../../Engine/Content/EditorResources/SequenceRecorder/RecordingIndicator.uasset" 186
"../../../Engine/Content/EditorResources/Spline/T_Loft_Spline.uasset" 187
"../../../Engine/Content/EditorSounds/Notifications/CompileFailed.uasset" 188
"../../../Engine/Content/EditorSounds/Notifications/CompileFailed_Cue.uasset" 189
"../../../Engine/Content/EditorSounds/Notifications/CompileSuccess.uasset" 190
"../../../Engine/Content/EditorSounds/Notifications/CompileStart_Cue.uasset" 191
"../../../Engine/Content/EditorSounds/Notifications/CompileSuccess_Cue.uasset" 192
"../../../Engine/Content/EngineDamageTypes/DmgTypeBP_Environmental.uasset" 193
"../../../Engine/Content/EngineDebugMaterials/HeatmapGradient.uasset" 194
"../../../Engine/Content/EngineDebugMaterials/BoneWeightMaterial.uasset" 195
"../../../Engine/Content/EngineDebugMaterials/ClothMaterial.uasset" 196
"../../../Engine/Content/EngineDebugMaterials/ClothMaterial_WF.uasset" 197
"../../../Engine/Content/EngineDebugMaterials/DebugEditorMaterial.uasset" 198
"../../../Engine/Content/EngineDebugMaterials/DebugMeshMaterial.uasset" 199
"../../../Engine/Content/EngineDebugMaterials/GeomMaterial.uasset" 200
"../../../Engine/Content/Functions/Engine_MaterialFunctions01/Shading/ConvertFromDiffSpec.uasset" 201
"../../../Engine/Content/EngineDebugMaterials/LevelColorationLitMaterial.uasset" 202
"../../../Engine/Content/EngineDebugMaterials/LevelColorationUnlitMaterial.uasset" 203
"../../../Engine/Content/EngineMaterials/DefaultWhiteGrid.uasset" 204
"../../../Engine/Content/EngineDebugMaterials/MAT_LevelColorationLitLightmapUV.uasset" 205
"../../../Engine/Content/EngineDebugMaterials/M_SimpleUnlitTranslucent.uasset" 206
"../../../Engine/Content/Functions/Engine_MaterialFunctions02/Utility/CameraDirectionVector.uasset" 207
"../../../Engine/Content/EngineDebugMaterials/VolumeToRender.uasset" 208
"../../../Engine/Content/EngineDebugMaterials/M_VolumeRenderSphereTracePP.uasset" 209
"../../../Engine/Content/EngineMaterials/DefaultWhiteGrid_Low.uasset" 210
"../../../Engine/Content/EngineDebugMaterials/PhysicalMaterialMaskMaterial.uasset" 211
"../../../Engine/Content/EngineDebugMaterials/ShadedLevelColorationLitMaterial.uasset" 212
"../../../Engine/Content/EngineDebugMaterials/ShadedLevelColorationUnlitMateri.uasset" 213
"../../../Engine/Content/EngineDebugMaterials/VertexColorMaterial.uasset" 214
"../../../Engine/Content/EngineDebugMaterials/VertexColorViewMode_AlphaAsColor.uasset" 215
"../../../Engine/Content/EngineDebugMaterials/VertexColorViewMode_BlueOnly.uasset" 216
"../../../Engine/Content/EngineDebugMaterials/VertexColorViewMode_ColorOnly.uasset" 217
"../../../Engine/Content/EngineDebugMaterials/VertexColorViewMode_GreenOnly.uasset" 218
"../../../Engine/Content/EngineDebugMaterials/VertexColorViewMode_RedOnly.uasset" 219
"../../../Engine/Content/EngineDebugMaterials/WireframeMaterial.uasset" 220
"../../../Engine/Content/EngineFonts/Faces/DroidSansFallback.uasset" 221
"../../../Engine/Content/EngineFonts/Faces/RobotoBold.uasset" 222
"../../../Engine/Content/EngineFonts/Faces/RobotoBoldItalic.uasset" 223
"../../../Engine/Content/EngineFonts/Faces/RobotoItalic.uasset" 224
"../../../Engine/Content/EngineFonts/Faces/RobotoLight.uasset" 225
"../../../Engine/Content/EngineFonts/Faces/RobotoRegular.uasset" 226
"../../../Engine/Content/EngineFonts/Roboto.uasset" 227
"../../../Engine/Content/EngineFonts/Faces/RobotoTiny.uasset" 228
"../../../Engine/Content/EngineFonts/RobotoTiny.uasset" 229
"../../../Engine/Content/EngineFonts/SmallFont.uasset" 230
"../../../Engine/Content/EngineFonts/TinyFont.uasset" 231
"../../../Engine/Content/EngineMaterials/BaseFlattenDiffuseMap.uasset" 232
"../../../Engine/Content/EngineMaterials/BaseFlattenEmissiveMap.uasset" 233
"../../../Engine/Content/EngineMaterials/BaseFlattenGrayscaleMap.uasset" 234
"../../../Engine/Content/EngineMaterials/BaseFlattenNormalMap.uasset" 235
"../../../Engine/Content/EngineMaterials/BaseFlattenMaterial.uasset" 236
"../../../Engine/Content/EngineResources/WhiteSquareTexture.uasset" 237
"../../../Engine/Content/EngineMaterials/BlinkingCaret.uasset" 238
"../../../Engine/Content/EngineMaterials/BlueNoise.uasset" 239
"../../../Engine/Content/EngineMaterials/DefaultBloomKernel.uasset" 240
"../../../Engine/Content/EngineMaterials/DefaultBokeh.uasset" 241
"../../../Engine/Content/EngineMaterials/DefaultDeferredDecalMaterial.uasset" 242
"../../../Engine/Content/EngineMaterials/DefaultLightFunctionMaterial.uasset" 243
"../../../Engine/Content/EngineMaterials/DefaultNormal.uasset" 244
"../../../Engine/Content/EngineMaterials/DefaultPostProcessMaterial.uasset" 245
"../../../Engine/Content/EngineFonts/RobotoDistanceField.uasset" 246
"../../../Engine/Content/EngineMaterials/DefaultTextMaterialOpaque.uasset" 247
"../../../Engine/Content/EngineMaterials/EditorBrushMaterial.uasset" 248
"../../../Engine/Content/EngineMaterials/EmissiveMeshMaterial.uasset" 249
"../../../Engine/Content/EngineMaterials/GizmoMaterial.uasset" 250
"../../../Engine/Content/EngineMaterials/Good64x64TilingNoiseHighFreq.uasset" 251
"../../../Engine/Content/EngineMaterials/Grid_N.uasset" 252
"../../../Engine/Content/EngineMaterials/HighResolutionScreenshotMaskFunction.uasset" 253
"../../../Engine/Content/EngineMaterials/HighResScreenshot.uasset" 254
"../../../Engine/Content/EngineMaterials/HighResScreenshotCaptureRegion.uasset" 255
"../../../Engine/Content/EngineMaterials/HighResScreenshotMask.uasset" 256
"../../../Engine/Content/EngineMaterials/LandscapeHolePhysicalMaterial.uasset" 257
"../../../Engine/Content/EngineMaterials/InvalidLightmapSettings.uasset" 258
"../../../Engine/Content/EngineMaterials/M_InvalidLightmapSettings.uasset" 259
"../../../Engine/Content/EngineMaterials/PaperDiffuse.uasset" 260
"../../../Engine/Content/EngineMaterials/PaperNormal.uasset" 261
"../../../Engine/Content/Functions/Engine_MaterialFunctions02/WorldPositionOffset/CameraOffset.uasset" 262
"../../../Engine/Content/EngineMaterials/PhAT_JointLimitMaterial.uasset" 263
"../../../Engine/Content/EngineMaterials/PhysMat_Rubber.uasset" 264
"../../../Engine/Content/EngineMaterials/PreintegratedSkinBRDF.uasset" 265
"../../../Engine/Content/EngineMaterials/RemoveSurfaceMaterial.uasset" 266
"../../../Engine/Content/EngineMaterials/WeightMapPlaceholderTexture.uasset" 267
"../../../Engine/Content/Functions/Engine_MaterialFunctions01/ImageAdjustment/sRGBToLinear.uasset" 268
"../../../Engine/Content/Functions/Engine_MaterialFunctions02/Utility/BreakOutFloat3Components.uasset" 269
"../../../Engine/Content/EngineMaterials/Widget3DCameraPassThrough_Opaque_OneSided.uasset" 270
"../../../Engine/Content/EngineMaterials/Widget3DPassThrough.uasset" 271
"../../../Engine/Content/EngineMaterials/Widget3DPassThrough_Masked.uasset" 272
"../../../Engine/Content/EngineMaterials/Widget3DPassThrough_Opaque.uasset" 273
"../../../Engine/Content/EngineMaterials/Widget3DPassThrough_Masked_OneSided.uasset" 274
"../../../Engine/Content/EngineMaterials/Widget3DPassThrough_Opaque_OneSided.uasset" 275
"../../../Engine/Content/EngineMaterials/Widget3DPassThrough_Translucent.uasset" 276
"../../../Engine/Content/EngineMaterials/Widget3DPassThrough_Translucent_OneSided.uasset" 277
"../../../Engine/Content/EngineMeshes/Cylinder.uasset" 278
"../../../Engine/Content/EngineMeshes/Sphere.uasset" 279
"../../../Engine/Content/EngineResources/Black.uasset" 280
"../../../Engine/Content/EngineResources/DefaultTexture.uasset" 281
"../../../Engine/Content/EngineResources/DefaultTextureCube.uasset" 282
"../../../Engine/Content/EngineResources/DefaultVolumeTexture2D.uasset" 283
"../../../Engine/Content/EngineResources/DefaultVolumeTexture.uasset" 284
"../../../Engine/Content/EngineResources/GradientTexture0.uasset" 285
"../../../Engine/Content/EngineResources/StreamingPauseIcon.uasset" 286
"../../../Engine/Content/EngineResources/M_StreamingPause.uasset" 287
"../../../Engine/Content/EngineSounds/Master.uasset" 288
"../../../../../../UE4Projects/FinalProjectFPS/Content/Mannequin/Character/Mesh/SK_Mannequin_Skeleton.uasset" 289
"../../../../../../UE4Projects/FinalProjectFPS/Content/Mannequin/Animations/ThirdPersonJump_End.uasset" 290
"../../../../../../UE4Projects/FinalProjectFPS/Content/Mannequin/Animations/ThirdPersonJump_Loop.uasset" 291
"../../../../../../UE4Projects/FinalProjectFPS/Content/Mannequin/Animations/ThirdPersonJump_Start.uasset" 292
"../../../../../../UE4Projects/FinalProjectFPS/Content/Mannequin/Animations/ThirdPersonIdle.uasset" 293
"../../../../../../UE4Projects/FinalProjectFPS/Content/Mannequin/Animations/ThirdPersonRun.uasset" 294
"../../../../../../UE4Projects/FinalProjectFPS/Content/Mannequin/Animations/ThirdPersonWalk.uasset" 295
"../../../../../../UE4Projects/FinalProjectFPS/Content/Mannequin/Animations/ThirdPerson_IdleRun_2D.uasset" 296
"../../../../../../UE4Projects/FinalProjectFPS/Content/Mannequin/Animations/ThirdPerson_AnimBP.uasset" 297
"../../../Engine/Content/Functions/Engine_MaterialFunctions02/Utility/BlendAngleCorrectedNormals.uasset" 298
"../../../Engine/Content/Functions/MaterialLayerFunctions/MatLayerBlend_NormalBlend.uasset" 299
"../../../Engine/Content/Functions/MaterialLayerFunctions/MatLayerBlend_Simple.uasset" 300
"../../../../../../UE4Projects/FinalProjectFPS/Content/Mannequin/Character/Materials/MaterialLayers/T_ML_Rubber_Blue_01_D.uasset" 301
"../../../../../../UE4Projects/FinalProjectFPS/Content/Mannequin/Character/Materials/MaterialLayers/T_ML_Rubber_Blue_01_N.uasset" 302
"../../../../../../UE4Projects/FinalProjectFPS/Content/Mannequin/Character/Materials/MaterialLayers/ML_GlossyBlack_Latex_UE4.uasset" 303
"../../../../../../UE4Projects/FinalProjectFPS/Content/Mannequin/Character/Materials/MaterialLayers/ML_Plastic_Shiny_Beige.uasset" 304
"../../../../../../UE4Projects/FinalProjectFPS/Content/Mannequin/Character/Textures/UE4_LOGO_CARD.uasset" 305
"../../../../../../UE4Projects/FinalProjectFPS/Content/Mannequin/Character/Materials/MaterialLayers/ML_Plastic_Shiny_Beige_LOGO.uasset" 306
"../../../../../../UE4Projects/FinalProjectFPS/Content/Mannequin/Character/Materials/MaterialLayers/T_ML_Aluminum01.uasset" 307
"../../../../../../UE4Projects/FinalProjectFPS/Content/Mannequin/Character/Materials/MaterialLayers/T_ML_Aluminum01_N.uasset" 308
"../../../../../../UE4Projects/FinalProjectFPS/Content/Mannequin/Character/Materials/MaterialLayers/ML_SoftMetal_UE4.uasset" 309
"../../../../../../UE4Projects/FinalProjectFPS/Content/Mannequin/Character/Textures/T_UE4_Mannequin_Mobile_M.uasset" 310
"../../../../../../UE4Projects/FinalProjectFPS/Content/Mannequin/Character/Textures/T_UE4_Mannequin_Mobile_N.uasset" 311
"../../../../../../UE4Projects/FinalProjectFPS/Content/Mannequin/Character/Materials/M_UE4Man_Body.uasset" 312
"../../../../../../UE4Projects/FinalProjectFPS/Content/Mannequin/Character/Textures/UE4Man_Logo_N.uasset" 313
"../../../../../../UE4Projects/FinalProjectFPS/Content/Mannequin/Character/Materials/M_UE4Man_ChestLogo.uasset" 314
"../../../../../../UE4Projects/FinalProjectFPS/Content/Mannequin/Character/Mesh/SK_Mannequin.uasset" 315
"../../../../../../UE4Projects/FinalProjectFPS/Content/ThirdPersonBP/Blueprints/ThirdPersonCharacter.uasset" 316
"../../../../../../UE4Projects/FinalProjectFPS/Content/ThirdPersonBP/Blueprints/ThirdPersonGameMode.uasset" 317
"../../../Engine/Content/Functions/Engine_MaterialFunctions01/Shading/PowerToRoughness.uasset" 318
"../../../Engine/Content/Maps/Templates/Thumbnails/Default.uasset" 319
"../../../Engine/Content/Maps/Templates/Thumbnails/TimeOfDay.uasset" 320
"../../../Engine/Content/Maps/Templates/Thumbnails/VR-Basic.uasset" 321
"../../../Engine/Content/MapTemplates/Sky/DaylightAmbientCubemap.uasset" 322
"../../../Engine/Content/MobileResources/T_MobileControls_texture.uasset" 323
"../../../Engine/Content/MobileResources/T_MobileMenu2.uasset" 324
"../../../Engine/Content/MobileResources/HUD/AnalogHat.uasset" 325
"../../../Engine/Content/MobileResources/HUD/VirtualJoystick_Background.uasset" 326
"../../../Engine/Content/MobileResources/HUD/VirtualJoystick_Thumb.uasset" 327
"../../../Engine/Content/MobileResources/HUD/DefaultVirtualJoysticks.uasset" 328
"../../../Engine/Content/MobileResources/HUD/LeftVirtualJoystickOnly.uasset" 329
"../../../Engine/Content/MobileResources/HUD/MobileHUDButton1_off.uasset" 330
"../../../Engine/Content/MobileResources/HUD/MobileHUDButton1_on.uasset" 331
"../../../Engine/Content/MobileResources/HUD/MobileHUDButton2_off.uasset" 332
"../../../Engine/Content/MobileResources/HUD/MobileHUDButton2_on.uasset" 333
"../../../Engine/Content/MobileResources/HUD/MobileHUDButton3.uasset" 334
"../../../Engine/Content/MobileResources/HUD/MobileHUDButtonFire.uasset" 335
"../../../Engine/Content/MobileResources/HUD/MobileHUDDirectionPad.uasset" 336
"../../../Engine/Content/MobileResources/HUD/MobileHUDDirectionPad2.uasset" 337
"../../../Engine/Content/MobileResources/HUD/MobileHUDDirectionPad3.uasset" 338
"../../../Engine/Content/MobileResources/HUD/MobileHUDDirectionStick.uasset" 339
"../../../Engine/Content/MobileResources/HUD/T_Castle_ThumbstickInner.uasset" 340
"../../../Engine/Content/MobileResources/HUD/T_Castle_ThumbstickOutter.uasset" 341
"../../../Engine/Content/Tutorial/ContentIntroCurve.uasset" 342
"../../../Engine/Content/Tutorial/Basics/LevelEditorAttract.uasset" 343
"../../../Engine/Content/Tutorial/Basics/TutorialAssets/icon_tab_Levels_40x.uasset" 344
"../../../Engine/Content/Tutorial/Basics/LevelEditorOverview.uasset" 345
"../../../Engine/Content/Tutorial/BlueprintTutorials/TutorialAssets/Blueprint_64x.uasset" 346
"../../../Engine/Content/Tutorial/BlueprintTutorials/LevelBlueprintEditorOverview.uasset" 347
"../../../Engine/Content/Tutorial/BlueprintTutorials/TutorialAssets/Tutorial_BP_MacroLib.uasset" 348
"../../../Engine/Content/VREditor/LaserPointer/VR_LaserPower_01.uasset" 349
"../../../Engine/Content/VREditor/TransformGizmo/TransformGizmoMaterial.uasset" 350
"../../../Engine/Content/VREditor/TransformGizmo/TranslucentTransformGizmoMaterial.uasset" 351
"../../../Engine/Content/VREditor/TransformGizmo/BoundingBoxCorner.uasset" 352
"../../../Engine/Content/VREditor/TransformGizmo/BoundingBoxEdge.uasset" 353
"../../../Engine/Content/VREditor/TransformGizmo/PlaneTranslationHandle.uasset" 354
"../../../Engine/Content/VREditor/TransformGizmo/Main.uasset" 355
"../../../Engine/Content/VREditor/TransformGizmo/Xray.uasset" 356
"../../../Engine/Content/VREditor/TransformGizmo/SM_Sequencer_Key.uasset" 357
"../../../Engine/Content/VREditor/TransformGizmo/SM_Sequencer_Node.uasset" 358
"../../Plugins/2D/Paper2D/Content/PlaceholderTextures/DummySpriteTexture.uasset" 359
"../../Plugins/2D/Paper2D/Content/DummySprite.uasset" 360
"../../Plugins/2D/Paper2D/Content/DefaultPaperTerrainMaterial.uasset" 361
"../../Plugins/2D/Paper2D/Content/DefaultSpriteMaterial.uasset" 362
"../../Plugins/2D/Paper2D/Content/MaskedUnlitSpriteMaterial.uasset" 363
"../../Plugins/2D/Paper2D/Content/OpaqueUnlitSpriteMaterial.uasset" 364
"../../Plugins/FX/Niagara/Content/Enums/ENiagaraAnimTrailWidthMode.uasset" 365
"../../Plugins/FX/Niagara/Content/Enums/ENiagaraBoneSamplingMode.uasset" 366
"../../Plugins/FX/Niagara/Content/Enums/ENiagaraBoneSocketSamplingMode.uasset" 367
"../../Plugins/FX/Niagara/Content/Enums/ENiagaraBooleanLogicOps.uasset" 368
"../../Plugins/FX/Niagara/Content/Enums/ENiagaraBooleanLogicOps_v2.uasset" 369
"../../Plugins/FX/Niagara/Content/Enums/ENiagaraCalculateRadiusOptions.uasset" 370
"../../Plugins/FX/Niagara/Content/Enums/ENiagaraChannelCorrelation.uasset" 371
"../../Plugins/FX/Niagara/Content/Enums/ENiagaraCollisionRadiusOptions.uasset" 372
"../../Plugins/FX/Niagara/Content/Enums/ENiagaraCoordinateSpace.uasset" 373
"../../Plugins/FX/Niagara/Content/Enums/ENiagaraCurlNoiseQuality.uasset" 374
"../../Plugins/FX/Niagara/Content/Enums/ENiagaraEmitterLifeCycleMode.uasset" 375
"../../Plugins/FX/Niagara/Content/Enums/ENiagaraEmitterScalabilityMode.uasset" 376
"../../Plugins/FX/Niagara/Content/Enums/ENiagaraEmitterScalabilityMode_Limited.uasset" 377
"../../Plugins/FX/Niagara/Content/Enums/ENiagaraExecutionStateManagement.uasset" 378
"../../Plugins/FX/Niagara/Content/Enums/ENiagaraExpansionMode.uasset" 379
"../../Plugins/FX/Niagara/Content/Enums/ENiagaraFrictionMergeType.uasset" 380
"../../Plugins/FX/Niagara/Content/Enums/ENiagaraGPUDepthResponseType.uasset" 381
"../../Plugins/FX/Niagara/Content/Enums/ENiagaraGridPlacementType.uasset" 382
"../../Plugins/FX/Niagara/Content/Enums/ENiagaraInactiveMode.uasset" 383
"../../Plugins/FX/Niagara/Content/Enums/ENiagaraKillVolumeOptions.uasset" 384
"../../Plugins/FX/Niagara/Content/Enums/ENiagaraLinearColor_Channels.uasset" 385
"../../Plugins/FX/Niagara/Content/Enums/ENiagaraMassByVolume.uasset" 386
"../../Plugins/FX/Niagara/Content/Enums/ENiagaraMassCalculationForRendererTypes.uasset" 387
"../../Plugins/FX/Niagara/Content/Enums/ENiagaraMeshOrSprite.uasset" 388
"../../Plugins/FX/Niagara/Content/Enums/ENiagaraMeshSamplingMode.uasset" 389
"../../Plugins/FX/Niagara/Content/Enums/ENiagaraMeshSurfaceSamplingMode.uasset" 390
"../../Plugins/FX/Niagara/Content/Enums/ENiagaraMeshTransforms.uasset" 391
"../../Plugins/FX/Niagara/Content/Enums/ENiagaraMinOrMax.uasset" 392
"../../Plugins/FX/Niagara/Content/Enums/ENiagaraOrientationAxis.uasset" 393
"../../Plugins/FX/Niagara/Content/Enums/ENiagaraRandomnessMode.uasset" 394
"../../Plugins/FX/Niagara/Content/Enums/ENiagaraRestitutionMergeType.uasset" 395
"../../Plugins/FX/Niagara/Content/Enums/ENiagaraScaleColorMode.uasset" 396
"../../Plugins/FX/Niagara/Content/Enums/ENiagaraSimulationTarget.uasset" 397
"../../Plugins/FX/Niagara/Content/Enums/ENiagaraSkeletalSpawning.uasset" 398
"../../Plugins/FX/Niagara/Content/Enums/ENiagaraSkelSamplingFilteringMode.uasset" 399
"../../Plugins/FX/Niagara/Content/Enums/ENiagaraSkelSamplingModeFull.uasset" 400
"../../Plugins/FX/Niagara/Content/Enums/ENiagaraSocketSamplingMode.uasset" 401
"../../Plugins/FX/Niagara/Content/Enums/ENiagaraSUbUVAnimationMode.uasset" 402
"../../Plugins/FX/Niagara/Content/Enums/ENiagaraSystemInactiveMode.uasset" 403
"../../Plugins/FX/Niagara/Content/Enums/ENiagaraTorusDistributionMode.uasset" 404
"../../Plugins/FX/Niagara/Content/Enums/ENiagaraTorusMode.uasset" 405
"../../Plugins/FX/Niagara/Content/Enums/ENiagaraTriangleSamplingMode.uasset" 406
"../../Plugins/FX/Niagara/Content/Enums/ENiagaraVector2_Channels.uasset" 407
"../../Plugins/FX/Niagara/Content/Enums/ENiagaraVector3_Channels.uasset" 408
"../../Plugins/FX/Niagara/Content/Enums/ENiagaraVector4_Channels.uasset" 409
"../../Plugins/FX/Niagara/Content/Enums/ENiagaraVertexFilteringMode.uasset" 410
"../../Plugins/FX/Niagara/Content/Enums/ENiagaraVertexSamplingMode.uasset" 411
"../../Plugins/FX/Niagara/Content/Enums/ENiagara_CameraMeshOrientation.uasset" 412
"../../Plugins/FX/Niagara/Content/Enums/ENiagara_CameraProperties.uasset" 413
"../../Plugins/FX/Niagara/Content/Enums/ENiagara_CollisionType.uasset" 414
"../../Plugins/FX/Niagara/Content/Enums/ENiagara_CPUCollisionType.uasset" 415
"../../Plugins/FX/Niagara/Content/Enums/ENiagara_EmitterStateOptions.uasset" 416
"../../Plugins/FX/Niagara/Content/Enums/ENiagara_Float4Channel.uasset" 417
"../../Plugins/FX/Niagara/Content/Enums/ENiagara_GPUCollisionType.uasset" 418
"../../Plugins/FX/Niagara/Content/Enums/ENiagara_InfiniteLoopDuration.uasset" 419
"../../Plugins/FX/Niagara/Content/Icons/S_ParticleSystem.uasset" 420
"../../../Engine/Content/Functions/Engine_MaterialFunctions02/Utility/BreakOutFloat4Components.uasset" 421
"../../Plugins/Runtime/Oculus/OculusVR/Content/Materials/OculusMR_ChromaKey.uasset" 422
"../../Plugins/Runtime/Oculus/OculusVR/Content/Materials/OculusMR_ChromaKey_Lit.uasset" 423
"../../Plugins/Runtime/Oculus/OculusVR/Content/Materials/OculusMR_OpaqueColoredMaterial.uasset" 424
"../../Plugins/Runtime/Oculus/OculusVR/Content/Materials/OculusMR_WhiteMaterial.uasset" 425
"../../../Engine/Content/EngineSky/C_Sky_Cloud_Color.uasset" 426
"../../../Engine/Content/EngineSky/C_Sky_Horizon_Color.uasset" 427
"../../../Engine/Content/EngineSky/C_Sky_Zenith_Color.uasset" 428
"../../../Engine/Content/EngineSky/T_Sky_Blue.uasset" 429
"../../../Engine/Content/EngineSky/T_Sky_Clouds_M.uasset" 430
"../../../Engine/Content/EngineSky/T_Sky_Stars.uasset" 431
"../../../Engine/Content/EngineSky/M_Sky_Panning_Clouds2.uasset" 432
"../../../Engine/Content/EngineSky/SM_SkySphere.uasset" 433
"../../../Engine/Content/EngineSky/BP_Sky_Sphere.uasset" 434
"../../../../../../UE4Projects/FinalProjectFPS/Content/ThirdPersonBP/Maps/ThirdPersonExampleMap_BuiltData.uasset" 435
"../../../../../../UE4Projects/FinalProjectFPS/Content/Geometry/Meshes/CubeMaterial.uasset" 436
"../../../../../../UE4Projects/FinalProjectFPS/Content/Geometry/Meshes/1M_Cube.uasset" 437
"../../../../../../UE4Projects/FinalProjectFPS/Content/Geometry/Meshes/1M_Cube_Chamfer.uasset" 438
"../../../../../../UE4Projects/FinalProjectFPS/Content/Geometry/Meshes/TemplateFloor.uasset" 439
"../../../../../../UE4Projects/FinalProjectFPS/Content/ThirdPerson/Meshes/RampMaterial.uasset" 440
"../../../../../../UE4Projects/FinalProjectFPS/Content/ThirdPerson/Meshes/Bump_StaticMesh.uasset" 441
"../../../../../../UE4Projects/FinalProjectFPS/Content/ThirdPerson/Meshes/LeftArm_StaticMesh.uasset" 442
"../../../../../../UE4Projects/FinalProjectFPS/Content/ThirdPerson/Meshes/Linear_Stair_StaticMesh.uasset" 443
"../../../../../../UE4Projects/FinalProjectFPS/Content/ThirdPerson/Meshes/Ramp_StaticMesh.uasset" 444
"../../../../../../UE4Projects/FinalProjectFPS/Content/ThirdPerson/Meshes/RightArm_StaticMesh.uasset" 445
"../../../../../../UE4Projects/FinalProjectFPS/Content/ThirdPersonBP/Maps/ThirdPersonExampleMap.umap" 446
"../../../Engine/Content/Maps/Entry_BuiltData.uasset" 447
"../../../Engine/Content/Maps/Entry.umap" 448
"../../../../../../UE4Projects/FinalProjectFPS/Content/ModularBuildingSet/Textures/brick_wall_tiling_c_beige.uasset" 449
"../../../../../../UE4Projects/FinalProjectFPS/Content/ModularBuildingSet/Textures/brick_wall_tiling_g.uasset" 450
"../../../../../../UE4Projects/FinalProjectFPS/Content/ModularBuildingSet/Textures/brick_wall_tiling_n.uasset" 451
"../../../../../../UE4Projects/FinalProjectFPS/Content/ModularBuildingSet/materials/Bricks_Tiles/brick_wall_beige.uasset" 452
"../../../../../../UE4Projects/FinalProjectFPS/Content/ModularBuildingSet/Textures/brick_wall_tiling_c_dark_red.uasset" 453
"../../../../../../UE4Projects/FinalProjectFPS/Content/ModularBuildingSet/materials/Bricks_Tiles/brick_wall_dark_red.uasset" 454
"../../../../../../UE4Projects/FinalProjectFPS/Content/ModularBuildingSet/Textures/brick_wall_tiling_c_grey.uasset" 455
"../../../../../../UE4Projects/FinalProjectFPS/Content/ModularBuildingSet/materials/Bricks_Tiles/brick_wall_grey.uasset" 456
"../../../../../../UE4Projects/FinalProjectFPS/Content/ModularBuildingSet/Textures/brick_wall_tiling_c_red.uasset" 457
"../../../../../../UE4Projects/FinalProjectFPS/Content/ModularBuildingSet/materials/Bricks_Tiles/brick_wall_red.uasset" 458
"../../../../../../UE4Projects/FinalProjectFPS/Content/ModularBuildingSet/Textures/bricks_red_c.uasset" 459
"../../../../../../UE4Projects/FinalProjectFPS/Content/ModularBuildingSet/Textures/bricks_red_g.uasset" 460
"../../../../../../UE4Projects/FinalProjectFPS/Content/ModularBuildingSet/Textures/bricks_red_n.uasset" 461
"../../../../../../UE4Projects/FinalProjectFPS/Content/ModularBuildingSet/materials/Bricks_Tiles/bricks_red.uasset" 462
"../../../../../../UE4Projects/FinalProjectFPS/Content/ModularBuildingSet/Textures/bricks_red_concrete_trim_c.uasset" 463
"../../../../../../UE4Projects/FinalProjectFPS/Content/ModularBuildingSet/Textures/bricks_red_concrete_trim_g.uasset" 464
"../../../../../../UE4Projects/FinalProjectFPS/Content/ModularBuildingSet/Textures/bricks_red_concrete_trim_n.uasset" 465
"../../../../../../UE4Projects/FinalProjectFPS/Content/ModularBuildingSet/materials/Bricks_Tiles/bricks_red_concrete_trim.uasset" 466
"../../../../../../UE4Projects/FinalProjectFPS/Content/ModularBuildingSet/Textures/tiles_wall_broken_c.uasset" 467
"../../../../../../UE4Projects/FinalProjectFPS/Content/ModularBuildingSet/Textures/tiles_wall_broken_g.uasset" 468
"../../../../../../UE4Projects/FinalProjectFPS/Content/ModularBuildingSet/Textures/tiles_wall_broken_n.uasset" 469
"../../../../../../UE4Projects/FinalProjectFPS/Content/ModularBuildingSet/materials/Bricks_Tiles/tile_trim___default.uasset" 470
"../../../../../../UE4Projects/FinalProjectFPS/Content/ModularBuildingSet/materials/Bricks_Tiles/tile_trim__color_pckr.uasset" 471
"../../../../../../UE4Projects/FinalProjectFPS/Content/ModularBuildingSet/Textures/cloth_awning_intact_c.uasset" 472
"../../../../../../UE4Projects/FinalProjectFPS/Content/ModularBuildingSet/Textures/cloth_awning_intact_g.uasset" 473
"../../../../../../UE4Projects/FinalProjectFPS/Content/ModularBuildingSet/Textures/cloth_awning_intact_n.uasset" 474
"../../../../../../UE4Projects/FinalProjectFPS/Content/ModularBuildingSet/materials/Cloth/cloth_awning_intact__default.uasset" 475
"../../../../../../UE4Projects/FinalProjectFPS/Content/ModularBuildingSet/Textures/concrete_trim_c.uasset" 476
"../../../../../../UE4Projects/FinalProjectFPS/Content/ModularBuildingSet/Textures/concrete_trim_g.uasset" 477
"../../../../../../UE4Projects/FinalProjectFPS/Content/ModularBuildingSet/Textures/concrete_trim_n.uasset" 478
"../../../../../../UE4Projects/FinalProjectFPS/Content/ModularBuildingSet/materials/Concrete/concrete_trim.uasset" 479
"../../../../../../UE4Projects/FinalProjectFPS/Content/ModularBuildingSet/materials/Concrete/concrete_trim_CLR_PKR.uasset" 480
"../../../../../../UE4Projects/FinalProjectFPS/Content/ModularBuildingSet/Textures/decal_bird_poop_c.uasset" 481
"../../../../../../UE4Projects/FinalProjectFPS/Content/ModularBuildingSet/materials/Decals_Grunge/bird_poop.uasset" 482
"../../../Engine/Content/Functions/Engine_MaterialFunctions03/Blends/Blend_Overlay.uasset" 483
"../../../../../../UE4Projects/FinalProjectFPS/Content/ModularBuildingSet/Textures/decal_grunge_muck_01.uasset" 484
"../../../../../../UE4Projects/FinalProjectFPS/Content/ModularBuildingSet/Textures/decal_grunge_muck_c.uasset" 485
"../../../../../../UE4Projects/FinalProjectFPS/Content/ModularBuildingSet/materials/Decals_Grunge/Dark_muck/dark_muck01.uasset" 486
"../../../../../../UE4Projects/FinalProjectFPS/Content/ModularBuildingSet/materials/Decals_Grunge/Dark_muck/dark_muck02.uasset" 487
"../../../../../../UE4Projects/FinalProjectFPS/Content/ModularBuildingSet/materials/Decals_Grunge/Dark_muck/dark_muck03.uasset" 488
"../../../../../../UE4Projects/FinalProjectFPS/Content/ModularBuildingSet/Textures/decal_rust_dripping_1_c.uasset" 489
"../../../../../../UE4Projects/FinalProjectFPS/Content/ModularBuildingSet/materials/Decals_Grunge/Dark_muck/dripping_a01.uasset" 490
"../../../../../../UE4Projects/FinalProjectFPS/Content/ModularBuildingSet/Textures/decal_grunge_rust_dripping_01.uasset" 491
"../../../../../../UE4Projects/FinalProjectFPS/Content/ModularBuildingSet/materials/Decals_Grunge/Dark_muck/dripping_a02.uasset" 492
"../../../../../../UE4Projects/FinalProjectFPS/Content/ModularBuildingSet/materials/Decals_Grunge/Light_muck/dripping_a02.uasset" 493
"../../../../../../UE4Projects/FinalProjectFPS/Content/ModularBuildingSet/materials/Decals_Grunge/Light_muck/lite_muck01.uasset" 494
"../../../../../../UE4Projects/FinalProjectFPS/Content/ModularBuildingSet/materials/Decals_Grunge/Light_muck/lite_muck02.uasset" 495
"../../../../../../UE4Projects/FinalProjectFPS/Content/ModularBuildingSet/materials/Decals_Grunge/Light_muck/lite_muck03.uasset" 496
"../../../../../../UE4Projects/FinalProjectFPS/Content/ModularBuildingSet/materials/Decals_Grunge/Mid_muck/mid_muck03.uasset" 497
"../../../../../../UE4Projects/FinalProjectFPS/Content/ModularBuildingSet/Textures/signs_decals_stickers_c.uasset" 498
"../../../../../../UE4Projects/FinalProjectFPS/Content/ModularBuildingSet/materials/Decals_Signs/x_alpha_yellow.uasset" 499
"../../../../../../UE4Projects/FinalProjectFPS/Content/ModularBuildingSet/Textures/window_bump_detal_n.uasset" 500
"../../../../../../UE4Projects/FinalProjectFPS/Content/ModularBuildingSet/Textures/window_spec.uasset" 501
"../../../../../../UE4Projects/FinalProjectFPS/Content/ModularBuildingSet/materials/Glass/Glass.uasset" 502
"../../../../../../UE4Projects/FinalProjectFPS/Content/ModularBuildingSet/Textures/glass_window_broken_g.uasset" 503
"../../../../../../UE4Projects/FinalProjectFPS/Content/ModularBuildingSet/Textures/glass_window_broken_n.uasset" 504
"../../../../../../UE4Projects/FinalProjectFPS/Content/ModularBuildingSet/materials/Glass/Glass_Opaq_Cracked.uasset" 505
"../../../../../../UE4Projects/FinalProjectFPS/Content/ModularBuildingSet/materials/Glass/Glass_Opaque.uasset" 506
"../../../../../../UE4Projects/FinalProjectFPS/Content/ModularBuildingSet/Textures/ground_gravel_dirt_c.uasset" 507
"../../../../../../UE4Projects/FinalProjectFPS/Content/ModularBuildingSet/Textures/ground_gravel_dirt_g.uasset" 508
"../../../../../../UE4Projects/FinalProjectFPS/Content/ModularBuildingSet/Textures/ground_gravel_dirt_n.uasset" 509
"../../../../../../UE4Projects/FinalProjectFPS/Content/ModularBuildingSet/materials/Ground_Rubble/Road.uasset" 510
"../../../../../../UE4Projects/FinalProjectFPS/Content/ModularBuildingSet/Textures/window_depth_a.uasset" 511
"../../../../../../UE4Projects/FinalProjectFPS/Content/ModularBuildingSet/materials/Lights/window_lgt_default.uasset" 512
"../../../../../../UE4Projects/FinalProjectFPS/Content/ModularBuildingSet/Textures/beam_window_supports_metal_c.uasset" 513
"../../../../../../UE4Projects/FinalProjectFPS/Content/ModularBuildingSet/Textures/beam_window_supports_metal_g.uasset" 514
"../../../../../../UE4Projects/FinalProjectFPS/Content/ModularBuildingSet/Textures/beam_window_supports_metal_n.uasset" 515
"../../../../../../UE4Projects/FinalProjectFPS/Content/ModularBuildingSet/materials/Metal/metal_trim___default.uasset" 516
"../../../../../../UE4Projects/FinalProjectFPS/Content/ModularBuildingSet/materials/Metal/metal_trim__roughness+color_pckr.uasset" 517
"../../../../../../UE4Projects/FinalProjectFPS/Content/ModularBuildingSet/materials/Bricks_Tiles/tile_trim_color_red.uasset" 518
"../../../../../../UE4Projects/FinalProjectFPS/Content/ModularBuildingSet/materials/Bricks_Tiles/tile_trim_color_black.uasset" 519
"../../../../../../UE4Projects/FinalProjectFPS/Content/ModularBuildingSet/materials/Bricks_Tiles/tile_trim_color_green.uasset" 520
"../../../../../../UE4Projects/FinalProjectFPS/Content/ModularBuildingSet/materials/Bricks_Tiles/tile_trim_color_white.uasset" 521
"../../../../../../UE4Projects/FinalProjectFPS/Content/ModularBuildingSet/materials/Cloth/cloth_intact_clr_pckr_red.uasset" 522
"../../../../../../UE4Projects/FinalProjectFPS/Content/ModularBuildingSet/materials/Cloth/cloth_intact_clr_pckr_blue.uasset" 523
"../../../../../../UE4Projects/FinalProjectFPS/Content/ModularBuildingSet/Textures/cloth_awning_torn_c.uasset" 524
"../../../../../../UE4Projects/FinalProjectFPS/Content/ModularBuildingSet/Textures/cloth_awning_torn_g.uasset" 525
"../../../../../../UE4Projects/FinalProjectFPS/Content/ModularBuildingSet/Textures/cloth_awning_torn_n.uasset" 526
"../../../../../../UE4Projects/FinalProjectFPS/Content/ModularBuildingSet/materials/Cloth/cloth_awning_torn__default.uasset" 527
"../../../../../../UE4Projects/FinalProjectFPS/Content/ModularBuildingSet/materials/Cloth/cloth_torn_clr_pckr_red.uasset" 528
"../../../../../../UE4Projects/FinalProjectFPS/Content/ModularBuildingSet/materials/Cloth/cloth_torn_clr_pckr_blue.uasset" 529
"../../../../../../UE4Projects/FinalProjectFPS/Content/ModularBuildingSet/materials/Decals_Signs/t_alpha_yellow.uasset" 530
"../../../../../../UE4Projects/FinalProjectFPS/Content/ModularBuildingSet/materials/Decals_Signs/t_alpha_white.uasset" 531
"../../../../../../UE4Projects/FinalProjectFPS/Content/ModularBuildingSet/materials/Decals_Signs/x_alpha_white.uasset" 532
"../../../../../../UE4Projects/FinalProjectFPS/Content/ModularBuildingSet/materials/Decals_Signs/x_alpha_grey.uasset" 533
"../../../../../../UE4Projects/FinalProjectFPS/Content/ModularBuildingSet/materials/Decals_Signs/x_alpha_dark.uasset" 534
"../../../../../../UE4Projects/FinalProjectFPS/Content/ModularBuildingSet/materials/Ground_Rubble/Light.uasset" 535
"../../../../../../UE4Projects/FinalProjectFPS/Content/ModularBuildingSet/materials/Ground_Rubble/Road_Inst.uasset" 536
"../../../../../../UE4Projects/FinalProjectFPS/Content/ModularBuildingSet/materials/Lights/interior_lights.uasset" 537
"../../../../../../UE4Projects/FinalProjectFPS/Content/ModularBuildingSet/materials/Lights/LGT_white.uasset" 538
"../../../../../../UE4Projects/FinalProjectFPS/Content/ModularBuildingSet/materials/Lights/window_lgt_blue.uasset" 539
"../../../../../../UE4Projects/FinalProjectFPS/Content/ModularBuildingSet/materials/Lights/window_lgt_white.uasset" 540
"../../../../../../UE4Projects/FinalProjectFPS/Content/ModularBuildingSet/materials/Lights/window_lgt_yellow.uasset" 541
"../../../Engine/Content/Functions/Engine_MaterialFunctions01/Gradient/LinearGradient.uasset" 542
"../../../Engine/Content/Functions/Engine_MaterialFunctions01/ImageAdjustment/CheapContrast.uasset" 543
"../../../../../../UE4Projects/FinalProjectFPS/Content/ModularBuildingSet/materials/Metal/metal_trim__color_pckr.uasset" 544
"../../../../../../UE4Projects/FinalProjectFPS/Content/ModularBuildingSet/materials/Metal/metal_trim_white.uasset" 545
"../../../../../../UE4Projects/FinalProjectFPS/Content/ModularBuildingSet/materials/Metal/metal_trim_black.uasset" 546
"../../../../../../UE4Projects/FinalProjectFPS/Content/ModularBuildingSet/materials/Metal/metal_trim_light_grey.uasset" 547
"../../../../../../UE4Projects/FinalProjectFPS/Content/ModularBuildingSet/Meshes/Beams_Pillars/beam_metal_window_divider_4x1.uasset" 548
"../../../../../../UE4Projects/FinalProjectFPS/Content/ModularBuildingSet/Meshes/Beams_Pillars/beam_metal_window_divider_5x1.uasset" 549
"../../../../../../UE4Projects/FinalProjectFPS/Content/ModularBuildingSet/Meshes/Beams_Pillars/beam_metal_window_divider_corner.uasset" 550
"../../../../../../UE4Projects/FinalProjectFPS/Content/ModularBuildingSet/Meshes/Beams_Pillars/beam_pillar_metal_1_top.uasset" 551
"../../../../../../UE4Projects/FinalProjectFPS/Content/ModularBuildingSet/Meshes/Beams_Pillars/beam_pillar_metal_1x2.uasset" 552
"../../../../../../UE4Projects/FinalProjectFPS/Content/ModularBuildingSet/Meshes/Beams_Pillars/beam_pillar_metal_1x2_tiling.uasset" 553
"../../../../../../UE4Projects/FinalProjectFPS/Content/ModularBuildingSet/Meshes/Beams_Pillars/beam_pillar_metal_1x4.uasset" 554
"../../../../../../UE4Projects/FinalProjectFPS/Content/ModularBuildingSet/Meshes/Beams_Pillars/beam_pillar_metal_corner_top.uasset" 555
"../../../../../../UE4Projects/FinalProjectFPS/Content/ModularBuildingSet/Meshes/Beams_Pillars/beam_pillar_tiles_corner_bottom.uasset" 556
"../../../../../../UE4Projects/FinalProjectFPS/Content/ModularBuildingSet/materials/Metal/metal_trim_grey_glossy.uasset" 557
"../../../../../../UE4Projects/FinalProjectFPS/Content/ModularBuildingSet/Meshes/Building_Deco/deco_building_electrical_beam_a.uasset" 558
"../../../../../../UE4Projects/FinalProjectFPS/Content/ModularBuildingSet/Meshes/Building_Deco/deco_building_electrical_beam_b.uasset" 559
"../../../../../../UE4Projects/FinalProjectFPS/Content/ModularBuildingSet/materials/Metal/metal_trim_black_glossy.uasset" 560
"../../../../../../UE4Projects/FinalProjectFPS/Content/ModularBuildingSet/Meshes/Building_Deco/deco_building_electrical_wire_a.uasset" 561
"../../../../../../UE4Projects/FinalProjectFPS/Content/ModularBuildingSet/Meshes/Building_Deco/deco_building_electrical_wire_b.uasset" 562
"../../../../../../UE4Projects/FinalProjectFPS/Content/ModularBuildingSet/Meshes/Building_Deco/deco_building_exhaust_vent.uasset" 563
"../../../../../../UE4Projects/FinalProjectFPS/Content/ModularBuildingSet/Meshes/Building_Deco/deco_store_awning_intact_4x1.uasset" 564
"../../../../../../UE4Projects/FinalProjectFPS/Content/ModularBuildingSet/Meshes/Building_Deco/deco_store_awning_torn_4x1.uasset" 565
"../../../../../../UE4Projects/FinalProjectFPS/Content/ModularBuildingSet/Meshes/Building_Deco/deco_windows_airconditioning.uasset" 566
"../../../../../../UE4Projects/FinalProjectFPS/Content/ModularBuildingSet/Meshes/Building_Deco/deco_windows_panel_b.uasset" 567
"../../../../../../UE4Projects/FinalProjectFPS/Content/ModularBuildingSet/Meshes/Building_Deco/deco_windows_panel_d.uasset" 568
"../../../../../../UE4Projects/FinalProjectFPS/Content/ModularBuildingSet/materials/Decals_Signs/stickers_decals.uasset" 569
"../../../../../../UE4Projects/FinalProjectFPS/Content/ModularBuildingSet/Meshes/Decals_Stickers_Posters/decal_poster_lost_chicken.uasset" 570
"../../../../../../UE4Projects/FinalProjectFPS/Content/ModularBuildingSet/Meshes/Decals_Stickers_Posters/decal_sign_store_health_code.uasset" 571
"../../../../../../UE4Projects/FinalProjectFPS/Content/ModularBuildingSet/Meshes/Decals_Stickers_Posters/decal_sign_store_hours.uasset" 572
"../../../../../../UE4Projects/FinalProjectFPS/Content/ModularBuildingSet/Meshes/Decals_Stickers_Posters/decal_sign_store_sorry_open.uasset" 573
"../../../../../../UE4Projects/FinalProjectFPS/Content/ModularBuildingSet/Meshes/Decals_Stickers_Posters/decal_sticker_alarm_warning.uasset" 574
"../../../../../../UE4Projects/FinalProjectFPS/Content/ModularBuildingSet/Meshes/Decals_Stickers_Posters/decal_sticker_store_address_a.uasset" 575
"../../../../../../UE4Projects/FinalProjectFPS/Content/ModularBuildingSet/Meshes/Decals_Stickers_Posters/decal_sticker_store_address_b.uasset" 576
"../../../../../../UE4Projects/FinalProjectFPS/Content/ModularBuildingSet/Meshes/Decals_Stickers_Posters/decal_sticker_store_pull.uasset" 577
"../../../../../../UE4Projects/FinalProjectFPS/Content/ModularBuildingSet/Meshes/Decals_Stickers_Posters/decal_sticker_store_push.uasset" 578
"../../../../../../UE4Projects/FinalProjectFPS/Content/ModularBuildingSet/Meshes/Roof_Trims/beam_roof_trim_4x1_a.uasset" 579
"../../../../../../UE4Projects/FinalProjectFPS/Content/ModularBuildingSet/Meshes/Roof_Trims/beam_roof_trim_4x1_a_interior.uasset" 580
"../../../../../../UE4Projects/FinalProjectFPS/Content/ModularBuildingSet/Meshes/Roof_Trims/beam_roof_trim_corner_4x4_a.uasset" 581
"../../../../../../UE4Projects/FinalProjectFPS/Content/ModularBuildingSet/Meshes/Roof_Trims/beam_roof_trim_corner_4x4_a_interior.uasset" 582
"../../../../../../UE4Projects/FinalProjectFPS/Content/ModularBuildingSet/Textures/grunge_dirt_pebble_pile_a_c.uasset" 583
"../../../../../../UE4Projects/FinalProjectFPS/Content/ModularBuildingSet/Textures/grunge_dirt_pebble_pile_a_g.uasset" 584
"../../../../../../UE4Projects/FinalProjectFPS/Content/ModularBuildingSet/Textures/grunge_dirt_pebble_pile_a_n.uasset" 585
"../../../../../../UE4Projects/FinalProjectFPS/Content/ModularBuildingSet/materials/Ground_Rubble/dirt_pebble_pile.uasset" 586
"../../../../../../UE4Projects/FinalProjectFPS/Content/ModularBuildingSet/Meshes/Rubble_Piles/rubble_dirt_pebble_pile_a.uasset" 587
"../../../../../../UE4Projects/FinalProjectFPS/Content/ModularBuildingSet/Textures/grunge_rubble_pile_c.uasset" 588
"../../../../../../UE4Projects/FinalProjectFPS/Content/ModularBuildingSet/Textures/grunge_rubble_pile_g.uasset" 589
"../../../../../../UE4Projects/FinalProjectFPS/Content/ModularBuildingSet/Textures/grunge_rubble_pile_n.uasset" 590
"../../../../../../UE4Projects/FinalProjectFPS/Content/ModularBuildingSet/materials/Ground_Rubble/trash_pile.uasset" 591
"../../../../../../UE4Projects/FinalProjectFPS/Content/ModularBuildingSet/Meshes/Rubble_Piles/rubble_trash_pile_a.uasset" 592
"../../../../../../UE4Projects/FinalProjectFPS/Content/ModularBuildingSet/materials/black_interior.uasset" 593
"../../../../../../UE4Projects/FinalProjectFPS/Content/ModularBuildingSet/Meshes/Store_fronts/store_front_door_4x1_a.uasset" 594
"../../../../../../UE4Projects/FinalProjectFPS/Content/ModularBuildingSet/Meshes/Store_fronts/store_front_door_4x1_b.uasset" 595
"../../../../../../UE4Projects/FinalProjectFPS/Content/ModularBuildingSet/materials/Glass/Glass_Cracked.uasset" 596
"../../../../../../UE4Projects/FinalProjectFPS/Content/ModularBuildingSet/Meshes/Store_fronts/store_front_door_5x1_a.uasset" 597
"../../../../../../UE4Projects/FinalProjectFPS/Content/ModularBuildingSet/Textures/window_store_shutters_c.uasset" 598
"../../../../../../UE4Projects/FinalProjectFPS/Content/ModularBuildingSet/Textures/window_store_shutters_g.uasset" 599
"../../../../../../UE4Projects/FinalProjectFPS/Content/ModularBuildingSet/Textures/window_store_shutters_n.uasset" 600
"../../../../../../UE4Projects/FinalProjectFPS/Content/ModularBuildingSet/materials/Metal/metal_shutters.uasset" 601
"../../../../../../UE4Projects/FinalProjectFPS/Content/ModularBuildingSet/Meshes/Store_fronts/store_front_shutters_4x1_a.uasset" 602
"../../../../../../UE4Projects/FinalProjectFPS/Content/ModularBuildingSet/Textures/glass_shards_c.uasset" 603
"../../../../../../UE4Projects/FinalProjectFPS/Content/ModularBuildingSet/Textures/glass_shards_n.uasset" 604
"../../../../../../UE4Projects/FinalProjectFPS/Content/ModularBuildingSet/materials/Glass/Glass_Shards.uasset" 605
"../../../../../../UE4Projects/FinalProjectFPS/Content/ModularBuildingSet/Meshes/Store_fronts/store_front_windows_broken_4x1_a.uasset" 606
"../../../../../../UE4Projects/FinalProjectFPS/Content/ModularBuildingSet/Meshes/Store_fronts/store_front_windows_broken_4x1_c.uasset" 607
"../../../../../../UE4Projects/FinalProjectFPS/Content/ModularBuildingSet/Meshes/Store_fronts/store_front_windows_intact_4x1_a.uasset" 608
"../../../../../../UE4Projects/FinalProjectFPS/Content/ModularBuildingSet/Meshes/Store_fronts/store_front_windows_intact_4x1_b.uasset" 609
"../../../../../../UE4Projects/FinalProjectFPS/Content/ModularBuildingSet/Meshes/Store_fronts/store_front_windows_intact_4x1_c.uasset" 610
"../../../../../../UE4Projects/FinalProjectFPS/Content/ModularBuildingSet/Meshes/Store_fronts_doors/store_front_door_b_left.uasset" 611
"../../../../../../UE4Projects/FinalProjectFPS/Content/ModularBuildingSet/Meshes/Store_fronts_doors/store_front_door_b_right.uasset" 612
"../../../../../../UE4Projects/FinalProjectFPS/Content/ModularBuildingSet/Meshes/Store_fronts_interiors/store_front_door_4x1_b.uasset" 613
"../../../../../../UE4Projects/FinalProjectFPS/Content/ModularBuildingSet/Meshes/Store_fronts_interiors/store_front_door_5x1_a.uasset" 614
"../../../../../../UE4Projects/FinalProjectFPS/Content/ModularBuildingSet/Meshes/Store_fronts_interiors/store_front_windows_broken_4x1_a.uasset" 615
"../../../../../../UE4Projects/FinalProjectFPS/Content/ModularBuildingSet/Meshes/Store_fronts_interiors/store_front_windows_broken_4x1_b.uasset" 616
"../../../../../../UE4Projects/FinalProjectFPS/Content/ModularBuildingSet/Textures/signs_decals_chinese_stores_c.uasset" 617
"../../../../../../UE4Projects/FinalProjectFPS/Content/ModularBuildingSet/Textures/signs_decals_chinese_stores_g.uasset" 618
"../../../../../../UE4Projects/FinalProjectFPS/Content/ModularBuildingSet/Textures/signs_decals_chinese_stores_n.uasset" 619
"../../../../../../UE4Projects/FinalProjectFPS/Content/ModularBuildingSet/materials/Decals_Signs/store_signs.uasset" 620
"../../../../../../UE4Projects/FinalProjectFPS/Content/ModularBuildingSet/Meshes/Store_Signs/sign_store_a.uasset" 621
"../../../../../../UE4Projects/FinalProjectFPS/Content/ModularBuildingSet/Meshes/Store_Signs/sign_store_a1.uasset" 622
"../../../../../../UE4Projects/FinalProjectFPS/Content/ModularBuildingSet/Meshes/Store_Signs/sign_store_b.uasset" 623
"../../../../../../UE4Projects/FinalProjectFPS/Content/ModularBuildingSet/Meshes/Store_Signs/sign_store_b1.uasset" 624
"../../../../../../UE4Projects/FinalProjectFPS/Content/ModularBuildingSet/Meshes/Store_Signs/sign_store_broken_d.uasset" 625
"../../../../../../UE4Projects/FinalProjectFPS/Content/ModularBuildingSet/Meshes/Store_Signs/sign_store_c.uasset" 626
"../../../../../../UE4Projects/FinalProjectFPS/Content/ModularBuildingSet/Meshes/Store_Signs/sign_store_c1.uasset" 627
"../../../../../../UE4Projects/FinalProjectFPS/Content/ModularBuildingSet/Meshes/Store_Signs/sign_store_intact_d.uasset" 628
"../../../../../../UE4Projects/FinalProjectFPS/Content/ModularBuildingSet/Meshes/Store_Upper_Wndws/windows_building_upper_4x1_a.uasset" 629
"../../../../../../UE4Projects/FinalProjectFPS/Content/ModularBuildingSet/Meshes/Store_Upper_Wndws/windows_building_upper_4x1_b.uasset" 630
"../../../../../../UE4Projects/FinalProjectFPS/Content/ModularBuildingSet/Meshes/Store_Upper_Wndws/windows_building_upper_4x1_c.uasset" 631
"../../../../../../UE4Projects/FinalProjectFPS/Content/ModularBuildingSet/Meshes/Store_Upper_Wndws/windows_building_upper_4x1_d.uasset" 632
"../../../../../../UE4Projects/FinalProjectFPS/Content/ModularBuildingSet/Meshes/Upper_Brick_Wndws/upper_brick_clmn_1x2.uasset" 633
"../../../../../../UE4Projects/FinalProjectFPS/Content/ModularBuildingSet/Meshes/Upper_Brick_Wndws/upper_brick_clmn_dvdr_1x1.uasset" 634
"../../../../../../UE4Projects/FinalProjectFPS/Content/ModularBuildingSet/Meshes/Upper_Brick_Wndws/upper_brick_wall_a_l_2x2.uasset" 635
"../../../../../../UE4Projects/FinalProjectFPS/Content/ModularBuildingSet/Meshes/Upper_Brick_Wndws/upper_brick_wall_a_l_3x2.uasset" 636
"../../../../../../UE4Projects/FinalProjectFPS/Content/ModularBuildingSet/Meshes/Upper_Brick_Wndws/upper_brick_wall_a_r_2x2.uasset" 637
"../../../../../../UE4Projects/FinalProjectFPS/Content/ModularBuildingSet/Meshes/Upper_Brick_Wndws/upper_brick_wall_a_r_3x2.uasset" 638
"../../../../../../UE4Projects/FinalProjectFPS/Content/ModularBuildingSet/Meshes/Upper_Brick_Wndws/upper_brick_wndw_a_l_2x2.uasset" 639
"../../../../../../UE4Projects/FinalProjectFPS/Content/ModularBuildingSet/Meshes/Upper_Brick_Wndws/upper_brick_wndw_a_l_3x2.uasset" 640
"../../../../../../UE4Projects/FinalProjectFPS/Content/ModularBuildingSet/Meshes/Upper_Brick_Wndws/upper_brick_wndw_a_r_2x2.uasset" 641
"../../../../../../UE4Projects/FinalProjectFPS/Content/ModularBuildingSet/Meshes/Upper_Brick_Wndws/upper_brick_wndw_a_r_3x2.uasset" 642
"../../../../../../UE4Projects/FinalProjectFPS/Content/ModularBuildingSet/Meshes/Upper_Brick_Wndws/upper_brick_wndw_b_l_2x2.uasset" 643
"../../../../../../UE4Projects/FinalProjectFPS/Content/ModularBuildingSet/Meshes/Upper_Brick_Wndws/upper_brick_wndw_b_l_3x2.uasset" 644
"../../../../../../UE4Projects/FinalProjectFPS/Content/ModularBuildingSet/Meshes/Upper_Brick_Wndws/upper_brick_wndw_b_r_3x2.uasset" 645
"../../../../../../UE4Projects/FinalProjectFPS/Content/ModularBuildingSet/Meshes/Upper_Brick_Wndws/upper_brick_wndw_c_l_2x2.uasset" 646
"../../../../../../UE4Projects/FinalProjectFPS/Content/ModularBuildingSet/Meshes/Upper_Brick_Wndws/upper_brick_wndw_c_l_3x2.uasset" 647
"../../../../../../UE4Projects/FinalProjectFPS/Content/ModularBuildingSet/Meshes/Upper_Brick_Wndws/upper_brick_wndw_c_r_3x2.uasset" 648
"../../../../../../UE4Projects/FinalProjectFPS/Content/ModularBuildingSet/Meshes/Upper_Brick_Wndws/upper_brick_wndw_d_2x2.uasset" 649
"../../../../../../UE4Projects/FinalProjectFPS/Content/ModularBuildingSet/Meshes/Upper_Brick_Wndws/upper_brick_wndw_d_3x2.uasset" 650
"../../../../../../UE4Projects/FinalProjectFPS/Content/ModularBuildingSet/Meshes/Upper_Deco/deco_fire_escape_balcony.uasset" 651
"../../../../../../UE4Projects/FinalProjectFPS/Content/ModularBuildingSet/Meshes/Upper_Deco/deco_fire_escape_ladder.uasset" 652
"../../../../../../UE4Projects/FinalProjectFPS/Content/ModularBuildingSet/Meshes/Upper_Deco/deco_fire_escape_ladder_top.uasset" 653
"../../../../../../UE4Projects/FinalProjectFPS/Content/ModularBuildingSet/Meshes/Upper_Deco/deco_upper_blocks_0x2.uasset" 654
"../../../../../../UE4Projects/FinalProjectFPS/Content/ModularBuildingSet/Meshes/Upper_Deco/deco_upper_blocks_cnr_0x2.uasset" 655
"../../../../../../UE4Projects/FinalProjectFPS/Content/ModularBuildingSet/Meshes/Upper_Deco/deco_upper_blocks_cnr_1x2.uasset" 656
"../../../../../../UE4Projects/FinalProjectFPS/Content/ModularBuildingSet/Meshes/Upper_Deco/deco_upper_ornament_flower_a.uasset" 657
"../../../../../../UE4Projects/FinalProjectFPS/Content/ModularBuildingSet/Meshes/Upper_Deco/deco_upper_ornament_flower_b.uasset" 658
"../../../../../../UE4Projects/FinalProjectFPS/Content/ModularBuildingSet/Meshes/Upper_Mid_Wndws/mid_brick_wndw_cnr_l_3x2.uasset" 659
"../../../../../../UE4Projects/FinalProjectFPS/Content/ModularBuildingSet/Meshes/Upper_Mid_Wndws/mid_brick_wndw_cnr_r_3x2.uasset" 660
"../../../../../../UE4Projects/FinalProjectFPS/Content/ModularBuildingSet/Meshes/Upper_Mid_Wndws/mid_brick_wndw_l_2x2.uasset" 661
"../../../../../../UE4Projects/FinalProjectFPS/Content/ModularBuildingSet/Meshes/Upper_Mid_Wndws/mid_brick_wndw_l_3x2.uasset" 662
"../../../../../../UE4Projects/FinalProjectFPS/Content/ModularBuildingSet/Meshes/Upper_Mid_Wndws/mid_brick_wndw_r_2x2.uasset" 663
"../../../../../../UE4Projects/FinalProjectFPS/Content/ModularBuildingSet/Meshes/Upper_Mid_Wndws/mid_brick_wndw_r_3x2.uasset" 664
"../../../../../../UE4Projects/FinalProjectFPS/Content/ModularBuildingSet/Meshes/Upper_Roof_Trims/beam_upper_roof_trim_a_1x1.uasset" 665
"../../../../../../UE4Projects/FinalProjectFPS/Content/ModularBuildingSet/Meshes/Upper_Roof_Trims/beam_upper_roof_trim_a_4x1.uasset" 666
"../../../../../../UE4Projects/FinalProjectFPS/Content/ModularBuildingSet/Meshes/Upper_Roof_Trims/beam_upper_roof_trim_a_cnr_2x2.uasset" 667
"../../../../../../UE4Projects/FinalProjectFPS/Content/ModularBuildingSet/Meshes/Upper_Roof_Trims/beam_upper_roof_trim_a_cnr_4x4.uasset" 668
"../../../../../../UE4Projects/FinalProjectFPS/Content/ModularBuildingSet/Meshes/Upper_Roof_Trims/beam_upper_roof_trim_b_1x1.uasset" 669
"../../../../../../UE4Projects/FinalProjectFPS/Content/ModularBuildingSet/Meshes/Upper_Roof_Trims/beam_upper_roof_trim_b_4x1.uasset" 670
"../../../../../../UE4Projects/FinalProjectFPS/Content/ModularBuildingSet/Meshes/Upper_Roof_Trims/beam_upper_roof_trim_b_cnr_2x2.uasset" 671
"../../../../../../UE4Projects/FinalProjectFPS/Content/ModularBuildingSet/Meshes/Upper_Roof_Trims/beam_upper_roof_trim_b_cnr_4x4.uasset" 672
"../../../../../../UE4Projects/FinalProjectFPS/Content/ModularBuildingSet/Meshes/Upper_Roof_Trims/beam_upper_roof_trim_end_l.uasset" 673
"../../../../../../UE4Projects/FinalProjectFPS/Content/ModularBuildingSet/Meshes/Upper_Roof_Trims/beam_upper_roof_trim_end_r.uasset" 674
"../../../../../../UE4Projects/FinalProjectFPS/Content/ModularBuildingSet/materials/Ground_Rubble/ground_gravel_dirt.uasset" 675
"../../../../../../UE4Projects/FinalProjectFPS/Content/ModularBuildingSet/Meshes/Walls_Grounds/plane_ground_3x3.uasset" 676
"../../../../../../UE4Projects/FinalProjectFPS/Content/ModularBuildingSet/Meshes/Walls_Grounds/plane_ground_4x4.uasset" 677
"../../../../../../UE4Projects/FinalProjectFPS/Content/ModularBuildingSet/Meshes/Walls_Grounds/plane_wall_3x3.uasset" 678
"../../../../../../UE4Projects/FinalProjectFPS/Content/ModularBuildingSet/Demo_Scene.umap" 679
"../../../../../../UE4Projects/FinalProjectFPS/Content/Maps/Game_Scene.umap" 680
